<?xml version="1.0" encoding="UTF-8"?>
<coverage generated="1655354548370" clover="3.2.0">
  <project timestamp="1655354548371" name="All files">
    <metrics statements="118" coveredstatements="102" conditionals="80" coveredconditionals="63" methods="48" coveredmethods="37" elements="246" coveredelements="202" complexity="0" loc="118" ncloc="118" packages="4" files="15" classes="15"/>
    <package name="weather_app">
      <metrics statements="2" coveredstatements="2" conditionals="0" coveredconditionals="0" methods="0" coveredmethods="0"/>
      <file name="CSSStub.js" path="/Users/xinxinli/hackreactor/weather_app/CSSStub.js">
        <metrics statements="1" coveredstatements="1" conditionals="0" coveredconditionals="0" methods="0" coveredmethods="0"/>
        <line num="1" count="1" type="stmt"/>
      </file>
      <file name="config.js" path="/Users/xinxinli/hackreactor/weather_app/config.js">
        <metrics statements="1" coveredstatements="1" conditionals="0" coveredconditionals="0" methods="0" coveredmethods="0"/>
        <line num="1" count="1" type="stmt"/>
      </file>
    </package>
    <package name="weather_app.app.components">
      <metrics statements="87" coveredstatements="82" conditionals="64" coveredconditionals="56" methods="42" coveredmethods="35"/>
      <file name="App.js" path="/Users/xinxinli/hackreactor/weather_app/app/components/App.js">
        <metrics statements="12" coveredstatements="12" conditionals="10" coveredconditionals="10" methods="6" coveredmethods="6"/>
        <line num="10" count="12" type="stmt"/>
        <line num="11" count="12" type="stmt"/>
        <line num="12" count="12" type="stmt"/>
        <line num="13" count="12" type="stmt"/>
        <line num="15" count="12" type="stmt"/>
        <line num="16" count="5" type="stmt"/>
        <line num="18" count="4" type="stmt"/>
        <line num="19" count="4" type="stmt"/>
        <line num="22" count="1" type="stmt"/>
        <line num="23" count="1" type="stmt"/>
        <line num="27" count="12" type="cond" truecount="2" falsecount="0"/>
        <line num="30" count="12" type="stmt"/>
      </file>
      <file name="Details.js" path="/Users/xinxinli/hackreactor/weather_app/app/components/Details.js">
        <metrics statements="14" coveredstatements="12" conditionals="12" coveredconditionals="10" methods="3" coveredmethods="3"/>
        <line num="5" count="12" type="stmt"/>
        <line num="7" count="12" type="stmt"/>
        <line num="8" count="24" type="stmt"/>
        <line num="9" count="24" type="stmt"/>
        <line num="10" count="24" type="cond" truecount="1" falsecount="1"/>
        <line num="11" count="0" type="stmt"/>
        <line num="12" count="24" type="cond" truecount="4" falsecount="0"/>
        <line num="13" count="12" type="stmt"/>
        <line num="14" count="12" type="cond" truecount="1" falsecount="1"/>
        <line num="15" count="0" type="stmt"/>
        <line num="17" count="12" type="stmt"/>
        <line num="21" count="12" type="stmt"/>
        <line num="32" count="12" type="stmt"/>
        <line num="37" count="96" type="stmt"/>
      </file>
      <file name="Forcast.js" path="/Users/xinxinli/hackreactor/weather_app/app/components/Forcast.js">
        <metrics statements="18" coveredstatements="18" conditionals="8" coveredconditionals="8" methods="7" coveredmethods="7"/>
        <line num="5" count="12" type="stmt"/>
        <line num="6" count="16" type="stmt"/>
        <line num="7" count="16" type="stmt"/>
        <line num="8" count="16" type="stmt"/>
        <line num="9" count="16" type="stmt"/>
        <line num="10" count="16" type="stmt"/>
        <line num="11" count="16" type="stmt"/>
        <line num="14" count="12" type="stmt"/>
        <line num="15" count="56" type="stmt"/>
        <line num="16" count="56" type="stmt"/>
        <line num="17" count="200" type="cond" truecount="2" falsecount="0"/>
        <line num="21" count="56" type="cond" truecount="2" falsecount="0"/>
        <line num="24" count="12" type="stmt"/>
        <line num="25" count="1" type="stmt"/>
        <line num="26" count="1" type="stmt"/>
        <line num="29" count="12" type="stmt"/>
        <line num="34" count="28" type="stmt"/>
        <line num="38" count="1" type="stmt"/>
      </file>
      <file name="Hourly.js" path="/Users/xinxinli/hackreactor/weather_app/app/components/Hourly.js">
        <metrics statements="12" coveredstatements="10" conditionals="22" coveredconditionals="18" methods="12" coveredmethods="7"/>
        <line num="8" count="96" type="cond" truecount="2" falsecount="0"/>
        <line num="10" count="15" type="stmt"/>
        <line num="11" count="0" type="cond" truecount="0" falsecount="2"/>
        <line num="14" count="15" type="stmt"/>
        <line num="15" count="15" type="cond" truecount="1" falsecount="1"/>
        <line num="16" count="15" type="stmt"/>
        <line num="19" count="15" type="stmt"/>
        <line num="20" count="1" type="cond" truecount="1" falsecount="1"/>
        <line num="23" count="15" type="stmt"/>
        <line num="29" count="0" type="stmt"/>
        <line num="34" count="79" type="stmt"/>
        <line num="46" count="1" type="stmt"/>
      </file>
      <file name="Loading.js" path="/Users/xinxinli/hackreactor/weather_app/app/components/Loading.js">
        <metrics statements="6" coveredstatements="5" conditionals="4" coveredconditionals="2" methods="5" coveredmethods="3"/>
        <line num="4" count="4" type="stmt"/>
        <line num="6" count="4" type="stmt"/>
        <line num="7" count="4" type="stmt"/>
        <line num="9" count="0" type="cond" truecount="0" falsecount="2"/>
        <line num="12" count="4" type="stmt"/>
        <line num="17" count="4" type="stmt"/>
      </file>
      <file name="Nav.js" path="/Users/xinxinli/hackreactor/weather_app/app/components/Nav.js">
        <metrics statements="6" coveredstatements="6" conditionals="4" coveredconditionals="4" methods="3" coveredmethods="3"/>
        <line num="5" count="13" type="stmt"/>
        <line num="7" count="13" type="stmt"/>
        <line num="8" count="1" type="stmt"/>
        <line num="9" count="1" type="stmt"/>
        <line num="12" count="13" type="stmt"/>
        <line num="15" count="1" type="stmt"/>
      </file>
      <file name="NotFound.js" path="/Users/xinxinli/hackreactor/weather_app/app/components/NotFound.js">
        <metrics statements="1" coveredstatements="1" conditionals="0" coveredconditionals="0" methods="1" coveredmethods="1"/>
        <line num="5" count="1" type="stmt"/>
      </file>
      <file name="Results.js" path="/Users/xinxinli/hackreactor/weather_app/app/components/Results.js">
        <metrics statements="3" coveredstatements="3" conditionals="0" coveredconditionals="0" methods="1" coveredmethods="1"/>
        <line num="8" count="12" type="stmt"/>
        <line num="9" count="12" type="stmt"/>
        <line num="12" count="12" type="stmt"/>
      </file>
      <file name="Summary.js" path="/Users/xinxinli/hackreactor/weather_app/app/components/Summary.js">
        <metrics statements="13" coveredstatements="13" conditionals="4" coveredconditionals="4" methods="3" coveredmethods="3"/>
        <line num="6" count="14" type="stmt"/>
        <line num="8" count="14" type="stmt"/>
        <line num="9" count="14" type="stmt"/>
        <line num="10" count="14" type="stmt"/>
        <line num="11" count="14" type="stmt"/>
        <line num="12" count="14" type="stmt"/>
        <line num="13" count="14" type="stmt"/>
        <line num="14" count="14" type="stmt"/>
        <line num="17" count="14" type="stmt"/>
        <line num="18" count="14" type="stmt"/>
        <line num="19" count="14" type="stmt"/>
        <line num="20" count="14" type="stmt"/>
        <line num="23" count="14" type="stmt"/>
      </file>
      <file name="WeatherIcons.js" path="/Users/xinxinli/hackreactor/weather_app/app/components/WeatherIcons.js">
        <metrics statements="2" coveredstatements="2" conditionals="0" coveredconditionals="0" methods="1" coveredmethods="1"/>
        <line num="12" count="217" type="stmt"/>
        <line num="32" count="217" type="stmt"/>
      </file>
    </package>
    <package name="weather_app.app.exampleData">
      <metrics statements="3" coveredstatements="3" conditionals="0" coveredconditionals="0" methods="0" coveredmethods="0"/>
      <file name="exampleData.js" path="/Users/xinxinli/hackreactor/weather_app/app/exampleData/exampleData.js">
        <metrics statements="3" coveredstatements="3" conditionals="0" coveredconditionals="0" methods="0" coveredmethods="0"/>
        <line num="1" count="4" type="stmt"/>
        <line num="741" count="4" type="stmt"/>
        <line num="930" count="4" type="stmt"/>
      </file>
    </package>
    <package name="weather_app.app.utils">
      <metrics statements="26" coveredstatements="15" conditionals="16" coveredconditionals="7" methods="6" coveredmethods="2"/>
      <file name="api.js" path="/Users/xinxinli/hackreactor/weather_app/app/utils/api.js">
        <metrics statements="12" coveredstatements="3" conditionals="6" coveredconditionals="0" methods="4" coveredmethods="0"/>
        <line num="1" count="1" type="stmt"/>
        <line num="3" count="1" type="stmt"/>
        <line num="4" count="0" type="stmt"/>
        <line num="5" count="0" type="stmt"/>
        <line num="7" count="0" type="cond" truecount="0" falsecount="2"/>
        <line num="8" count="0" type="stmt"/>
        <line num="10" count="0" type="cond" truecount="0" falsecount="4"/>
        <line num="11" count="0" type="stmt"/>
        <line num="13" count="0" type="stmt"/>
        <line num="16" count="0" type="stmt"/>
        <line num="19" count="0" type="stmt"/>
        <line num="23" count="1" type="stmt"/>
      </file>
      <file name="helpers.js" path="/Users/xinxinli/hackreactor/weather_app/app/utils/helpers.js">
        <metrics statements="14" coveredstatements="12" conditionals="10" coveredconditionals="7" methods="2" coveredmethods="2"/>
        <line num="1" count="3" type="stmt"/>
        <line num="2" count="41" type="stmt"/>
        <line num="3" count="41" type="stmt"/>
        <line num="4" count="41" type="cond" truecount="1" falsecount="1"/>
        <line num="7" count="3" type="stmt"/>
        <line num="8" count="74" type="stmt"/>
        <line num="9" count="74" type="cond" truecount="1" falsecount="1"/>
        <line num="10" count="0" type="stmt"/>
        <line num="11" count="74" type="cond" truecount="3" falsecount="1"/>
        <line num="12" count="0" type="stmt"/>
        <line num="13" count="74" type="cond" truecount="2" falsecount="0"/>
        <line num="14" count="3" type="stmt"/>
        <line num="16" count="71" type="stmt"/>
        <line num="20" count="3" type="stmt"/>
      </file>
    </package>
  </project>
</coverage>
