{"/Users/xinxinli/hackreactor/weather_app/CSSStub.js": {"path":"/Users/xinxinli/hackreactor/weather_app/CSSStub.js","statementMap":{"0":{"start":{"line":1,"column":0},"end":{"line":1,"column":20}}},"fnMap":{},"branchMap":{},"s":{"0":1},"f":{},"b":{},"_coverageSchema":"1a1c01bbd47fc00a2c39e90264f33305004495a9","hash":"9c656e6d6765d3f5065775073aa6d70c38b79135"}
,"/Users/xinxinli/hackreactor/weather_app/config.js": {"path":"/Users/xinxinli/hackreactor/weather_app/config.js","statementMap":{"0":{"start":{"line":1,"column":0},"end":{"line":3,"column":1}}},"fnMap":{},"branchMap":{},"s":{"0":1},"f":{},"b":{},"_coverageSchema":"1a1c01bbd47fc00a2c39e90264f33305004495a9","hash":"3934275a1808f9c7954dfe97266d13fb069df51a"}
,"/Users/xinxinli/hackreactor/weather_app/app/components/App.js": {"path":"/Users/xinxinli/hackreactor/weather_app/app/components/App.js","statementMap":{"0":{"start":{"line":10,"column":26},"end":{"line":10,"column":55}},"1":{"start":{"line":11,"column":40},"end":{"line":11,"column":60}},"2":{"start":{"line":12,"column":30},"end":{"line":12,"column":49}},"3":{"start":{"line":13,"column":28},"end":{"line":13,"column":48}},"4":{"start":{"line":15,"column":2},"end":{"line":25,"column":12}},"5":{"start":{"line":16,"column":4},"end":{"line":24,"column":6}},"6":{"start":{"line":18,"column":6},"end":{"line":18,"column":27}},"7":{"start":{"line":19,"column":6},"end":{"line":19,"column":21}},"8":{"start":{"line":22,"column":6},"end":{"line":22,"column":20}},"9":{"start":{"line":23,"column":6},"end":{"line":23,"column":26}},"10":{"start":{"line":27,"column":23},"end":{"line":27,"column":76}},"11":{"start":{"line":27,"column":29},"end":{"line":27,"column":76}},"12":{"start":{"line":27,"column":49},"end":{"line":27,"column":75}},"13":{"start":{"line":30,"column":2},"end":{"line":37,"column":4}}},"fnMap":{"0":{"name":"App","decl":{"start":{"line":9,"column":24},"end":{"line":9,"column":27}},"loc":{"start":{"line":9,"column":31},"end":{"line":38,"column":1}},"line":9},"1":{"name":"(anonymous_1)","decl":{"start":{"line":15,"column":18},"end":{"line":15,"column":19}},"loc":{"start":{"line":15,"column":24},"end":{"line":25,"column":3}},"line":15},"2":{"name":"(anonymous_2)","decl":{"start":{"line":17,"column":10},"end":{"line":17,"column":11}},"loc":{"start":{"line":17,"column":18},"end":{"line":20,"column":5}},"line":17},"3":{"name":"(anonymous_3)","decl":{"start":{"line":21,"column":11},"end":{"line":21,"column":12}},"loc":{"start":{"line":21,"column":20},"end":{"line":24,"column":5}},"line":21},"4":{"name":"(anonymous_4)","decl":{"start":{"line":27,"column":23},"end":{"line":27,"column":24}},"loc":{"start":{"line":27,"column":29},"end":{"line":27,"column":76}},"line":27},"5":{"name":"(anonymous_5)","decl":{"start":{"line":27,"column":39},"end":{"line":27,"column":40}},"loc":{"start":{"line":27,"column":49},"end":{"line":27,"column":75}},"line":27}},"branchMap":{"0":{"loc":{"start":{"line":27,"column":49},"end":{"line":27,"column":75}},"type":"cond-expr","locations":[{"start":{"line":27,"column":66},"end":{"line":27,"column":69}},{"start":{"line":27,"column":72},"end":{"line":27,"column":75}}],"line":27},"1":{"loc":{"start":{"line":33,"column":7},"end":{"line":33,"column":44}},"type":"binary-expr","locations":[{"start":{"line":33,"column":7},"end":{"line":33,"column":12}},{"start":{"line":33,"column":16},"end":{"line":33,"column":44}}],"line":33},"2":{"loc":{"start":{"line":34,"column":7},"end":{"line":34,"column":44}},"type":"binary-expr","locations":[{"start":{"line":34,"column":7},"end":{"line":34,"column":13}},{"start":{"line":34,"column":17},"end":{"line":34,"column":29}},{"start":{"line":34,"column":33},"end":{"line":34,"column":44}}],"line":34},"3":{"loc":{"start":{"line":35,"column":7},"end":{"line":35,"column":84}},"type":"binary-expr","locations":[{"start":{"line":35,"column":7},"end":{"line":35,"column":13}},{"start":{"line":35,"column":17},"end":{"line":35,"column":28}},{"start":{"line":35,"column":32},"end":{"line":35,"column":84}}],"line":35}},"s":{"0":8,"1":8,"2":8,"3":8,"4":8,"5":4,"6":3,"7":3,"8":1,"9":1,"10":8,"11":0,"12":0,"13":8},"f":{"0":8,"1":4,"2":3,"3":1,"4":0,"5":0},"b":{"0":[0,0],"1":[8,1],"2":[8,7,3],"3":[8,7,4]},"_coverageSchema":"1a1c01bbd47fc00a2c39e90264f33305004495a9","hash":"eddc355d35e39b7a4fbb11d2c882bc5f34ca069c"}
,"/Users/xinxinli/hackreactor/weather_app/app/components/Details.js": {"path":"/Users/xinxinli/hackreactor/weather_app/app/components/Details.js","statementMap":{"0":{"start":{"line":5,"column":90},"end":{"line":5,"column":97}},"1":{"start":{"line":7,"column":22},"end":{"line":19,"column":3}},"2":{"start":{"line":8,"column":15},"end":{"line":8,"column":37}},"3":{"start":{"line":9,"column":14},"end":{"line":9,"column":29}},"4":{"start":{"line":10,"column":4},"end":{"line":18,"column":5}},"5":{"start":{"line":11,"column":6},"end":{"line":11,"column":33}},"6":{"start":{"line":12,"column":11},"end":{"line":18,"column":5}},"7":{"start":{"line":13,"column":6},"end":{"line":13,"column":38}},"8":{"start":{"line":14,"column":11},"end":{"line":18,"column":5}},"9":{"start":{"line":15,"column":6},"end":{"line":15,"column":31}},"10":{"start":{"line":17,"column":6},"end":{"line":17,"column":45}},"11":{"start":{"line":21,"column":21},"end":{"line":30,"column":3}},"12":{"start":{"line":32,"column":2},"end":{"line":51,"column":3}},"13":{"start":{"line":37,"column":10},"end":{"line":47,"column":11}}},"fnMap":{"0":{"name":"Details","decl":{"start":{"line":4,"column":24},"end":{"line":4,"column":31}},"loc":{"start":{"line":4,"column":51},"end":{"line":52,"column":1}},"line":4},"1":{"name":"(anonymous_1)","decl":{"start":{"line":7,"column":22},"end":{"line":7,"column":23}},"loc":{"start":{"line":7,"column":31},"end":{"line":19,"column":3}},"line":7},"2":{"name":"(anonymous_2)","decl":{"start":{"line":36,"column":37},"end":{"line":36,"column":38}},"loc":{"start":{"line":36,"column":45},"end":{"line":48,"column":9}},"line":36}},"branchMap":{"0":{"loc":{"start":{"line":10,"column":4},"end":{"line":18,"column":5}},"type":"if","locations":[{"start":{"line":10,"column":4},"end":{"line":18,"column":5}},{"start":{"line":12,"column":11},"end":{"line":18,"column":5}}],"line":10},"1":{"loc":{"start":{"line":12,"column":11},"end":{"line":18,"column":5}},"type":"if","locations":[{"start":{"line":12,"column":11},"end":{"line":18,"column":5}},{"start":{"line":14,"column":11},"end":{"line":18,"column":5}}],"line":12},"2":{"loc":{"start":{"line":12,"column":15},"end":{"line":12,"column":36}},"type":"binary-expr","locations":[{"start":{"line":12,"column":15},"end":{"line":12,"column":23}},{"start":{"line":12,"column":27},"end":{"line":12,"column":36}}],"line":12},"3":{"loc":{"start":{"line":14,"column":11},"end":{"line":18,"column":5}},"type":"if","locations":[{"start":{"line":14,"column":11},"end":{"line":18,"column":5}},{"start":{"line":16,"column":11},"end":{"line":18,"column":5}}],"line":14},"4":{"loc":{"start":{"line":41,"column":21},"end":{"line":41,"column":175}},"type":"cond-expr","locations":[{"start":{"line":41,"column":63},"end":{"line":41,"column":155}},{"start":{"line":41,"column":159},"end":{"line":41,"column":175}}],"line":41},"5":{"loc":{"start":{"line":41,"column":21},"end":{"line":41,"column":60}},"type":"binary-expr","locations":[{"start":{"line":41,"column":21},"end":{"line":41,"column":42}},{"start":{"line":41,"column":46},"end":{"line":41,"column":60}}],"line":41}},"s":{"0":9,"1":9,"2":18,"3":18,"4":18,"5":0,"6":18,"7":9,"8":9,"9":0,"10":9,"11":9,"12":9,"13":72},"f":{"0":9,"1":18,"2":72},"b":{"0":[0,18],"1":[9,9],"2":[18,18],"3":[0,9],"4":[0,72],"5":[72,9]},"_coverageSchema":"1a1c01bbd47fc00a2c39e90264f33305004495a9","hash":"b86fcabad6bbb0adba6adba64b13d32c92051651"}
,"/Users/xinxinli/hackreactor/weather_app/app/components/Forcast.js": {"path":"/Users/xinxinli/hackreactor/weather_app/app/components/Forcast.js","statementMap":{"0":{"start":{"line":5,"column":26},"end":{"line":12,"column":5}},"1":{"start":{"line":6,"column":22},"end":{"line":6,"column":37}},"2":{"start":{"line":7,"column":8},"end":{"line":7,"column":44}},"3":{"start":{"line":8,"column":19},"end":{"line":8,"column":39}},"4":{"start":{"line":9,"column":27},"end":{"line":9,"column":45}},"5":{"start":{"line":10,"column":30},"end":{"line":10,"column":53}},"6":{"start":{"line":11,"column":8},"end":{"line":11,"column":34}},"7":{"start":{"line":14,"column":26},"end":{"line":22,"column":5}},"8":{"start":{"line":15,"column":21},"end":{"line":15,"column":34}},"9":{"start":{"line":16,"column":8},"end":{"line":20,"column":10}},"10":{"start":{"line":17,"column":12},"end":{"line":19,"column":48}},"11":{"start":{"line":21,"column":8},"end":{"line":21,"column":98}},"12":{"start":{"line":24,"column":22},"end":{"line":27,"column":5}},"13":{"start":{"line":25,"column":8},"end":{"line":25,"column":22}},"14":{"start":{"line":26,"column":8},"end":{"line":26,"column":22}},"15":{"start":{"line":29,"column":4},"end":{"line":51,"column":5}},"16":{"start":{"line":34,"column":20},"end":{"line":47,"column":21}},"17":{"start":{"line":38,"column":43},"end":{"line":38,"column":59}}},"fnMap":{"0":{"name":"Forcast","decl":{"start":{"line":4,"column":24},"end":{"line":4,"column":31}},"loc":{"start":{"line":4,"column":76},"end":{"line":52,"column":1}},"line":4},"1":{"name":"(anonymous_1)","decl":{"start":{"line":5,"column":26},"end":{"line":5,"column":27}},"loc":{"start":{"line":5,"column":36},"end":{"line":12,"column":5}},"line":5},"2":{"name":"(anonymous_2)","decl":{"start":{"line":14,"column":26},"end":{"line":14,"column":27}},"loc":{"start":{"line":14,"column":56},"end":{"line":22,"column":5}},"line":14},"3":{"name":"(anonymous_3)","decl":{"start":{"line":16,"column":31},"end":{"line":16,"column":32}},"loc":{"start":{"line":16,"column":39},"end":{"line":20,"column":9}},"line":16},"4":{"name":"(anonymous_4)","decl":{"start":{"line":24,"column":22},"end":{"line":24,"column":23}},"loc":{"start":{"line":24,"column":33},"end":{"line":27,"column":5}},"line":24},"5":{"name":"(anonymous_5)","decl":{"start":{"line":33,"column":29},"end":{"line":33,"column":30}},"loc":{"start":{"line":33,"column":49},"end":{"line":48,"column":17}},"line":33},"6":{"name":"(anonymous_6)","decl":{"start":{"line":38,"column":37},"end":{"line":38,"column":38}},"loc":{"start":{"line":38,"column":43},"end":{"line":38,"column":59}},"line":38}},"branchMap":{"0":{"loc":{"start":{"line":17,"column":12},"end":{"line":19,"column":48}},"type":"cond-expr","locations":[{"start":{"line":18,"column":12},"end":{"line":18,"column":48}},{"start":{"line":19,"column":12},"end":{"line":19,"column":48}}],"line":17},"1":{"loc":{"start":{"line":21,"column":15},"end":{"line":21,"column":97}},"type":"cond-expr","locations":[{"start":{"line":21,"column":32},"end":{"line":21,"column":56}},{"start":{"line":21,"column":59},"end":{"line":21,"column":97}}],"line":21},"2":{"loc":{"start":{"line":37,"column":39},"end":{"line":37,"column":184}},"type":"cond-expr","locations":[{"start":{"line":37,"column":55},"end":{"line":37,"column":126}},{"start":{"line":37,"column":129},"end":{"line":37,"column":184}}],"line":37},"3":{"loc":{"start":{"line":40,"column":33},"end":{"line":40,"column":88}},"type":"cond-expr","locations":[{"start":{"line":40,"column":47},"end":{"line":40,"column":54}},{"start":{"line":40,"column":57},"end":{"line":40,"column":88}}],"line":40}},"s":{"0":9,"1":16,"2":16,"3":16,"4":16,"5":16,"6":16,"7":9,"8":50,"9":50,"10":194,"11":50,"12":9,"13":1,"14":1,"15":9,"16":25,"17":1},"f":{"0":9,"1":16,"2":50,"3":194,"4":1,"5":25,"6":1},"b":{"0":[97,97],"1":[50,0],"2":[9,16],"3":[9,16]},"_coverageSchema":"1a1c01bbd47fc00a2c39e90264f33305004495a9","hash":"34fd0090bf8fd10e65159ee5365713d55ae4fcf1"}
,"/Users/xinxinli/hackreactor/weather_app/app/components/Hourly.js": {"path":"/Users/xinxinli/hackreactor/weather_app/app/components/Hourly.js","statementMap":{"0":{"start":{"line":8,"column":18},"end":{"line":8,"column":107}},"1":{"start":{"line":8,"column":63},"end":{"line":8,"column":93}},"2":{"start":{"line":10,"column":24},"end":{"line":12,"column":3}},"3":{"start":{"line":11,"column":4},"end":{"line":11,"column":109}},"4":{"start":{"line":11,"column":51},"end":{"line":11,"column":66}},"5":{"start":{"line":11,"column":92},"end":{"line":11,"column":107}},"6":{"start":{"line":14,"column":28},"end":{"line":17,"column":3}},"7":{"start":{"line":15,"column":20},"end":{"line":15,"column":96}},"8":{"start":{"line":16,"column":4},"end":{"line":16,"column":31}},"9":{"start":{"line":19,"column":24},"end":{"line":21,"column":3}},"10":{"start":{"line":20,"column":4},"end":{"line":20,"column":109}},"11":{"start":{"line":20,"column":51},"end":{"line":20,"column":66}},"12":{"start":{"line":20,"column":92},"end":{"line":20,"column":107}},"13":{"start":{"line":23,"column":2},"end":{"line":52,"column":3}},"14":{"start":{"line":29,"column":25},"end":{"line":29,"column":59}},"15":{"start":{"line":34,"column":48},"end":{"line":40,"column":18}},"16":{"start":{"line":46,"column":25},"end":{"line":46,"column":59}}},"fnMap":{"0":{"name":"Hourly","decl":{"start":{"line":6,"column":24},"end":{"line":6,"column":30}},"loc":{"start":{"line":6,"column":106},"end":{"line":53,"column":1}},"line":6},"1":{"name":"(anonymous_1)","decl":{"start":{"line":8,"column":46},"end":{"line":8,"column":47}},"loc":{"start":{"line":8,"column":63},"end":{"line":8,"column":93}},"line":8},"2":{"name":"(anonymous_2)","decl":{"start":{"line":10,"column":24},"end":{"line":10,"column":25}},"loc":{"start":{"line":10,"column":38},"end":{"line":12,"column":3}},"line":10},"3":{"name":"(anonymous_3)","decl":{"start":{"line":11,"column":40},"end":{"line":11,"column":41}},"loc":{"start":{"line":11,"column":51},"end":{"line":11,"column":66}},"line":11},"4":{"name":"(anonymous_4)","decl":{"start":{"line":11,"column":81},"end":{"line":11,"column":82}},"loc":{"start":{"line":11,"column":92},"end":{"line":11,"column":107}},"line":11},"5":{"name":"(anonymous_5)","decl":{"start":{"line":14,"column":28},"end":{"line":14,"column":29}},"loc":{"start":{"line":14,"column":42},"end":{"line":17,"column":3}},"line":14},"6":{"name":"(anonymous_6)","decl":{"start":{"line":19,"column":24},"end":{"line":19,"column":25}},"loc":{"start":{"line":19,"column":38},"end":{"line":21,"column":3}},"line":19},"7":{"name":"(anonymous_7)","decl":{"start":{"line":20,"column":40},"end":{"line":20,"column":41}},"loc":{"start":{"line":20,"column":51},"end":{"line":20,"column":66}},"line":20},"8":{"name":"(anonymous_8)","decl":{"start":{"line":20,"column":81},"end":{"line":20,"column":82}},"loc":{"start":{"line":20,"column":92},"end":{"line":20,"column":107}},"line":20},"9":{"name":"(anonymous_9)","decl":{"start":{"line":29,"column":19},"end":{"line":29,"column":20}},"loc":{"start":{"line":29,"column":25},"end":{"line":29,"column":59}},"line":29},"10":{"name":"(anonymous_10)","decl":{"start":{"line":34,"column":27},"end":{"line":34,"column":28}},"loc":{"start":{"line":34,"column":48},"end":{"line":40,"column":18}},"line":34},"11":{"name":"(anonymous_11)","decl":{"start":{"line":46,"column":19},"end":{"line":46,"column":20}},"loc":{"start":{"line":46,"column":25},"end":{"line":46,"column":59}},"line":46}},"branchMap":{"0":{"loc":{"start":{"line":8,"column":18},"end":{"line":8,"column":107}},"type":"cond-expr","locations":[{"start":{"line":8,"column":28},"end":{"line":8,"column":94}},{"start":{"line":8,"column":97},"end":{"line":8,"column":107}}],"line":8},"1":{"loc":{"start":{"line":11,"column":11},"end":{"line":11,"column":108}},"type":"cond-expr","locations":[{"start":{"line":11,"column":29},"end":{"line":11,"column":67}},{"start":{"line":11,"column":70},"end":{"line":11,"column":108}}],"line":11},"2":{"loc":{"start":{"line":15,"column":20},"end":{"line":15,"column":96}},"type":"cond-expr","locations":[{"start":{"line":15,"column":37},"end":{"line":15,"column":65}},{"start":{"line":15,"column":68},"end":{"line":15,"column":96}}],"line":15},"3":{"loc":{"start":{"line":20,"column":11},"end":{"line":20,"column":108}},"type":"cond-expr","locations":[{"start":{"line":20,"column":29},"end":{"line":20,"column":67}},{"start":{"line":20,"column":70},"end":{"line":20,"column":108}}],"line":20},"4":{"loc":{"start":{"line":28,"column":30},"end":{"line":28,"column":64}},"type":"cond-expr","locations":[{"start":{"line":28,"column":44},"end":{"line":28,"column":53}},{"start":{"line":28,"column":56},"end":{"line":28,"column":64}}],"line":28},"5":{"loc":{"start":{"line":35,"column":41},"end":{"line":35,"column":104}},"type":"cond-expr","locations":[{"start":{"line":35,"column":66},"end":{"line":35,"column":71}},{"start":{"line":35,"column":74},"end":{"line":35,"column":104}}],"line":35},"6":{"loc":{"start":{"line":35,"column":41},"end":{"line":35,"column":63}},"type":"binary-expr","locations":[{"start":{"line":35,"column":41},"end":{"line":35,"column":48}},{"start":{"line":35,"column":52},"end":{"line":35,"column":63}}],"line":35},"7":{"loc":{"start":{"line":36,"column":30},"end":{"line":36,"column":109}},"type":"cond-expr","locations":[{"start":{"line":36,"column":44},"end":{"line":36,"column":84}},{"start":{"line":36,"column":87},"end":{"line":36,"column":109}}],"line":36},"8":{"loc":{"start":{"line":37,"column":68},"end":{"line":37,"column":109}},"type":"cond-expr","locations":[{"start":{"line":37,"column":82},"end":{"line":37,"column":95}},{"start":{"line":37,"column":98},"end":{"line":37,"column":109}}],"line":37},"9":{"loc":{"start":{"line":38,"column":21},"end":{"line":38,"column":117}},"type":"cond-expr","locations":[{"start":{"line":38,"column":38},"end":{"line":38,"column":69}},{"start":{"line":38,"column":72},"end":{"line":38,"column":117}}],"line":38},"10":{"loc":{"start":{"line":45,"column":30},"end":{"line":45,"column":91}},"type":"cond-expr","locations":[{"start":{"line":45,"column":71},"end":{"line":45,"column":80}},{"start":{"line":45,"column":83},"end":{"line":45,"column":91}}],"line":45}},"s":{"0":12,"1":90,"2":12,"3":0,"4":0,"5":0,"6":12,"7":12,"8":12,"9":12,"10":1,"11":0,"12":1,"13":12,"14":0,"15":79,"16":1},"f":{"0":12,"1":90,"2":0,"3":0,"4":0,"5":12,"6":1,"7":0,"8":1,"9":0,"10":79,"11":1},"b":{"0":[9,3],"1":[0,0],"2":[12,0],"3":[0,1],"4":[1,11],"5":[5,74],"6":[79,55],"7":[8,71],"8":[8,71],"9":[46,33],"10":[3,9]},"_coverageSchema":"1a1c01bbd47fc00a2c39e90264f33305004495a9","hash":"cd5b62cee5b52206dd51c9a75449eeec3e601b30"}
,"/Users/xinxinli/hackreactor/weather_app/app/components/Loading.js": {"path":"/Users/xinxinli/hackreactor/weather_app/app/components/Loading.js","statementMap":{"0":{"start":{"line":4,"column":26},"end":{"line":4,"column":49}},"1":{"start":{"line":6,"column":2},"end":{"line":15,"column":3}},"2":{"start":{"line":7,"column":17},"end":{"line":10,"column":15}},"3":{"start":{"line":9,"column":8},"end":{"line":9,"column":72}},"4":{"start":{"line":9,"column":24},"end":{"line":9,"column":71}},"5":{"start":{"line":12,"column":6},"end":{"line":12,"column":36}},"6":{"start":{"line":12,"column":19},"end":{"line":12,"column":36}},"7":{"start":{"line":17,"column":2},"end":{"line":19,"column":3}}},"fnMap":{"0":{"name":"Loading","decl":{"start":{"line":3,"column":24},"end":{"line":3,"column":31}},"loc":{"start":{"line":3,"column":64},"end":{"line":20,"column":1}},"line":3},"1":{"name":"(anonymous_1)","decl":{"start":{"line":6,"column":18},"end":{"line":6,"column":19}},"loc":{"start":{"line":6,"column":24},"end":{"line":14,"column":5}},"line":6},"2":{"name":"(anonymous_2)","decl":{"start":{"line":7,"column":29},"end":{"line":7,"column":30}},"loc":{"start":{"line":7,"column":35},"end":{"line":10,"column":7}},"line":7},"3":{"name":"(anonymous_3)","decl":{"start":{"line":9,"column":16},"end":{"line":9,"column":17}},"loc":{"start":{"line":9,"column":24},"end":{"line":9,"column":71}},"line":9},"4":{"name":"(anonymous_4)","decl":{"start":{"line":12,"column":13},"end":{"line":12,"column":14}},"loc":{"start":{"line":12,"column":19},"end":{"line":12,"column":36}},"line":12}},"branchMap":{"0":{"loc":{"start":{"line":3,"column":33},"end":{"line":3,"column":50}},"type":"default-arg","locations":[{"start":{"line":3,"column":41},"end":{"line":3,"column":50}}],"line":3},"1":{"loc":{"start":{"line":3,"column":52},"end":{"line":3,"column":61}},"type":"default-arg","locations":[{"start":{"line":3,"column":58},"end":{"line":3,"column":61}}],"line":3},"2":{"loc":{"start":{"line":9,"column":24},"end":{"line":9,"column":71}},"type":"cond-expr","locations":[{"start":{"line":9,"column":51},"end":{"line":9,"column":58}},{"start":{"line":9,"column":61},"end":{"line":9,"column":71}}],"line":9}},"s":{"0":3,"1":3,"2":3,"3":0,"4":0,"5":3,"6":3,"7":3},"f":{"0":3,"1":3,"2":0,"3":0,"4":3},"b":{"0":[3],"1":[3],"2":[0,0]},"_coverageSchema":"1a1c01bbd47fc00a2c39e90264f33305004495a9","hash":"42f9270acb43b3a37a60c25ac0268f4d5faf6248"}
,"/Users/xinxinli/hackreactor/weather_app/app/components/Nav.js": {"path":"/Users/xinxinli/hackreactor/weather_app/app/components/Nav.js","statementMap":{"0":{"start":{"line":5,"column":28},"end":{"line":5,"column":46}},"1":{"start":{"line":7,"column":23},"end":{"line":10,"column":3}},"2":{"start":{"line":8,"column":4},"end":{"line":8,"column":19}},"3":{"start":{"line":9,"column":4},"end":{"line":9,"column":16}},"4":{"start":{"line":12,"column":2},"end":{"line":30,"column":3}},"5":{"start":{"line":15,"column":90},"end":{"line":15,"column":114}}},"fnMap":{"0":{"name":"Nav","decl":{"start":{"line":4,"column":24},"end":{"line":4,"column":27}},"loc":{"start":{"line":4,"column":61},"end":{"line":31,"column":1}},"line":4},"1":{"name":"(anonymous_1)","decl":{"start":{"line":7,"column":23},"end":{"line":7,"column":24}},"loc":{"start":{"line":7,"column":29},"end":{"line":10,"column":3}},"line":7},"2":{"name":"(anonymous_2)","decl":{"start":{"line":15,"column":83},"end":{"line":15,"column":84}},"loc":{"start":{"line":15,"column":90},"end":{"line":15,"column":114}},"line":15}},"branchMap":{"0":{"loc":{"start":{"line":20,"column":21},"end":{"line":20,"column":69}},"type":"cond-expr","locations":[{"start":{"line":20,"column":38},"end":{"line":20,"column":55}},{"start":{"line":20,"column":58},"end":{"line":20,"column":69}}],"line":20},"1":{"loc":{"start":{"line":25,"column":21},"end":{"line":25,"column":69}},"type":"cond-expr","locations":[{"start":{"line":25,"column":38},"end":{"line":25,"column":55}},{"start":{"line":25,"column":58},"end":{"line":25,"column":69}}],"line":25}},"s":{"0":9,"1":9,"2":1,"3":1,"4":9,"5":1},"f":{"0":9,"1":1,"2":1},"b":{"0":[0,9],"1":[9,0]},"_coverageSchema":"1a1c01bbd47fc00a2c39e90264f33305004495a9","hash":"5e152130811c2e9179e3f518553f70d6e8c643a3"}
,"/Users/xinxinli/hackreactor/weather_app/app/components/NotFound.js": {"path":"/Users/xinxinli/hackreactor/weather_app/app/components/NotFound.js","statementMap":{"0":{"start":{"line":5,"column":2},"end":{"line":11,"column":3}}},"fnMap":{"0":{"name":"NotFound","decl":{"start":{"line":4,"column":24},"end":{"line":4,"column":32}},"loc":{"start":{"line":4,"column":45},"end":{"line":12,"column":1}},"line":4}},"branchMap":{},"s":{"0":1},"f":{"0":1},"b":{},"_coverageSchema":"1a1c01bbd47fc00a2c39e90264f33305004495a9","hash":"d04ab28ed249cdce91b2454dbec251e8b3dd823c"}
,"/Users/xinxinli/hackreactor/weather_app/app/components/Results.js": {"path":"/Users/xinxinli/hackreactor/weather_app/app/components/Results.js","statementMap":{"0":{"start":{"line":8,"column":24},"end":{"line":8,"column":41}},"1":{"start":{"line":9,"column":32},"end":{"line":9,"column":49}},"2":{"start":{"line":12,"column":2},"end":{"line":43,"column":3}}},"fnMap":{"0":{"name":"Results","decl":{"start":{"line":7,"column":24},"end":{"line":7,"column":31}},"loc":{"start":{"line":7,"column":55},"end":{"line":44,"column":1}},"line":7}},"branchMap":{},"s":{"0":9,"1":9,"2":9},"f":{"0":9},"b":{},"_coverageSchema":"1a1c01bbd47fc00a2c39e90264f33305004495a9","hash":"2a836aa08c0062814e585bd56f23817be215b6e0"}
,"/Users/xinxinli/hackreactor/weather_app/app/components/Summary.js": {"path":"/Users/xinxinli/hackreactor/weather_app/app/components/Summary.js","statementMap":{"0":{"start":{"line":6,"column":33},"end":{"line":6,"column":40}},"1":{"start":{"line":8,"column":24},"end":{"line":15,"column":3}},"2":{"start":{"line":9,"column":18},"end":{"line":9,"column":33}},"3":{"start":{"line":10,"column":4},"end":{"line":10,"column":40}},"4":{"start":{"line":11,"column":15},"end":{"line":11,"column":35}},"5":{"start":{"line":12,"column":23},"end":{"line":12,"column":41}},"6":{"start":{"line":13,"column":20},"end":{"line":13,"column":52}},"7":{"start":{"line":14,"column":4},"end":{"line":14,"column":48}},"8":{"start":{"line":17,"column":18},"end":{"line":21,"column":3}},"9":{"start":{"line":18,"column":16},"end":{"line":18,"column":35}},"10":{"start":{"line":19,"column":15},"end":{"line":19,"column":41}},"11":{"start":{"line":20,"column":4},"end":{"line":20,"column":16}},"12":{"start":{"line":23,"column":2},"end":{"line":38,"column":3}}},"fnMap":{"0":{"name":"Summary","decl":{"start":{"line":5,"column":24},"end":{"line":5,"column":31}},"loc":{"start":{"line":5,"column":66},"end":{"line":39,"column":1}},"line":5},"1":{"name":"(anonymous_1)","decl":{"start":{"line":8,"column":24},"end":{"line":8,"column":25}},"loc":{"start":{"line":8,"column":34},"end":{"line":15,"column":3}},"line":8},"2":{"name":"(anonymous_2)","decl":{"start":{"line":17,"column":18},"end":{"line":17,"column":19}},"loc":{"start":{"line":17,"column":32},"end":{"line":21,"column":3}},"line":17}},"branchMap":{"0":{"loc":{"start":{"line":27,"column":11},"end":{"line":27,"column":38}},"type":"binary-expr","locations":[{"start":{"line":27,"column":11},"end":{"line":27,"column":20}},{"start":{"line":27,"column":24},"end":{"line":27,"column":38}}],"line":27},"1":{"loc":{"start":{"line":32,"column":11},"end":{"line":32,"column":88}},"type":"cond-expr","locations":[{"start":{"line":32,"column":28},"end":{"line":32,"column":50}},{"start":{"line":32,"column":53},"end":{"line":32,"column":88}}],"line":32}},"s":{"0":11,"1":11,"2":11,"3":11,"4":11,"5":11,"6":11,"7":11,"8":11,"9":11,"10":11,"11":11,"12":11},"f":{"0":11,"1":11,"2":11},"b":{"0":[11,8],"1":[10,1]},"_coverageSchema":"1a1c01bbd47fc00a2c39e90264f33305004495a9","hash":"0c8300def24680531019accecd8b96ce50cc0b42"}
,"/Users/xinxinli/hackreactor/weather_app/app/components/WeatherIcons.js": {"path":"/Users/xinxinli/hackreactor/weather_app/app/components/WeatherIcons.js","statementMap":{"0":{"start":{"line":12,"column":18},"end":{"line":30,"column":3}},"1":{"start":{"line":32,"column":2},"end":{"line":36,"column":3}}},"fnMap":{"0":{"name":"WeatherIcons","decl":{"start":{"line":11,"column":24},"end":{"line":11,"column":36}},"loc":{"start":{"line":11,"column":58},"end":{"line":37,"column":1}},"line":11}},"branchMap":{},"s":{"0":187,"1":187},"f":{"0":187},"b":{},"_coverageSchema":"1a1c01bbd47fc00a2c39e90264f33305004495a9","hash":"c497de72c33811e105a004fa861ec516066b735b"}
,"/Users/xinxinli/hackreactor/weather_app/app/exampleData/exampleData.js": {"path":"/Users/xinxinli/hackreactor/weather_app/app/exampleData/exampleData.js","statementMap":{"0":{"start":{"line":1,"column":18},"end":{"line":739,"column":4}},"1":{"start":{"line":741,"column":20},"end":{"line":927,"column":6}},"2":{"start":{"line":930,"column":3},"end":{"line":930,"column":46}}},"fnMap":{},"branchMap":{},"s":{"0":4,"1":4,"2":4},"f":{},"b":{},"_coverageSchema":"1a1c01bbd47fc00a2c39e90264f33305004495a9","hash":"1c741f7a05b78afde8ce59cfaad8d25509ea0202"}
,"/Users/xinxinli/hackreactor/weather_app/app/utils/api.js": {"path":"/Users/xinxinli/hackreactor/weather_app/app/utils/api.js","statementMap":{"0":{"start":{"line":1,"column":19},"end":{"line":1,"column":42}},"1":{"start":{"line":3,"column":23},"end":{"line":21,"column":1}},"2":{"start":{"line":4,"column":14},"end":{"line":4,"column":125}},"3":{"start":{"line":5,"column":2},"end":{"line":20,"column":4}},"4":{"start":{"line":7,"column":4},"end":{"line":9,"column":5}},"5":{"start":{"line":8,"column":6},"end":{"line":8,"column":23}},"6":{"start":{"line":10,"column":4},"end":{"line":12,"column":5}},"7":{"start":{"line":11,"column":6},"end":{"line":11,"column":29}},"8":{"start":{"line":13,"column":4},"end":{"line":13,"column":22}},"9":{"start":{"line":16,"column":4},"end":{"line":16,"column":15}},"10":{"start":{"line":19,"column":4},"end":{"line":19,"column":13}},"11":{"start":{"line":23,"column":0},"end":{"line":23,"column":36}}},"fnMap":{"0":{"name":"(anonymous_0)","decl":{"start":{"line":3,"column":23},"end":{"line":3,"column":24}},"loc":{"start":{"line":3,"column":37},"end":{"line":21,"column":1}},"line":3},"1":{"name":"(anonymous_1)","decl":{"start":{"line":6,"column":8},"end":{"line":6,"column":9}},"loc":{"start":{"line":6,"column":15},"end":{"line":14,"column":3}},"line":6},"2":{"name":"(anonymous_2)","decl":{"start":{"line":15,"column":8},"end":{"line":15,"column":9}},"loc":{"start":{"line":15,"column":16},"end":{"line":17,"column":3}},"line":15},"3":{"name":"(anonymous_3)","decl":{"start":{"line":18,"column":9},"end":{"line":18,"column":10}},"loc":{"start":{"line":18,"column":16},"end":{"line":20,"column":3}},"line":18}},"branchMap":{"0":{"loc":{"start":{"line":7,"column":4},"end":{"line":9,"column":5}},"type":"if","locations":[{"start":{"line":7,"column":4},"end":{"line":9,"column":5}},{"start":{},"end":{}}],"line":7},"1":{"loc":{"start":{"line":10,"column":4},"end":{"line":12,"column":5}},"type":"if","locations":[{"start":{"line":10,"column":4},"end":{"line":12,"column":5}},{"start":{},"end":{}}],"line":10},"2":{"loc":{"start":{"line":10,"column":8},"end":{"line":10,"column":48}},"type":"binary-expr","locations":[{"start":{"line":10,"column":8},"end":{"line":10,"column":26}},{"start":{"line":10,"column":30},"end":{"line":10,"column":48}}],"line":10}},"s":{"0":1,"1":1,"2":0,"3":0,"4":0,"5":0,"6":0,"7":0,"8":0,"9":0,"10":0,"11":1},"f":{"0":0,"1":0,"2":0,"3":0},"b":{"0":[0,0],"1":[0,0],"2":[0,0]},"_coverageSchema":"1a1c01bbd47fc00a2c39e90264f33305004495a9","hash":"fada17fffe8446ce2df145c8535e53b8c20c3253"}
,"/Users/xinxinli/hackreactor/weather_app/app/utils/helpers.js": {"path":"/Users/xinxinli/hackreactor/weather_app/app/utils/helpers.js","statementMap":{"0":{"start":{"line":1,"column":18},"end":{"line":5,"column":1}},"1":{"start":{"line":2,"column":15},"end":{"line":2,"column":25}},"2":{"start":{"line":3,"column":15},"end":{"line":3,"column":87}},"3":{"start":{"line":4,"column":4},"end":{"line":4,"column":58}},"4":{"start":{"line":7,"column":18},"end":{"line":18,"column":1}},"5":{"start":{"line":8,"column":15},"end":{"line":8,"column":38}},"6":{"start":{"line":9,"column":4},"end":{"line":17,"column":5}},"7":{"start":{"line":10,"column":6},"end":{"line":10,"column":21}},"8":{"start":{"line":11,"column":11},"end":{"line":17,"column":5}},"9":{"start":{"line":12,"column":6},"end":{"line":12,"column":26}},"10":{"start":{"line":13,"column":11},"end":{"line":17,"column":5}},"11":{"start":{"line":14,"column":6},"end":{"line":14,"column":21}},"12":{"start":{"line":16,"column":6},"end":{"line":16,"column":33}},"13":{"start":{"line":20,"column":0},"end":{"line":23,"column":1}}},"fnMap":{"0":{"name":"(anonymous_0)","decl":{"start":{"line":1,"column":18},"end":{"line":1,"column":19}},"loc":{"start":{"line":1,"column":32},"end":{"line":5,"column":1}},"line":1},"1":{"name":"(anonymous_1)","decl":{"start":{"line":7,"column":18},"end":{"line":7,"column":19}},"loc":{"start":{"line":7,"column":27},"end":{"line":18,"column":1}},"line":7}},"branchMap":{"0":{"loc":{"start":{"line":4,"column":11},"end":{"line":4,"column":57}},"type":"cond-expr","locations":[{"start":{"line":4,"column":27},"end":{"line":4,"column":42}},{"start":{"line":4,"column":45},"end":{"line":4,"column":57}}],"line":4},"1":{"loc":{"start":{"line":9,"column":4},"end":{"line":17,"column":5}},"type":"if","locations":[{"start":{"line":9,"column":4},"end":{"line":17,"column":5}},{"start":{"line":11,"column":11},"end":{"line":17,"column":5}}],"line":9},"2":{"loc":{"start":{"line":11,"column":11},"end":{"line":17,"column":5}},"type":"if","locations":[{"start":{"line":11,"column":11},"end":{"line":17,"column":5}},{"start":{"line":13,"column":11},"end":{"line":17,"column":5}}],"line":11},"3":{"loc":{"start":{"line":11,"column":15},"end":{"line":11,"column":36}},"type":"binary-expr","locations":[{"start":{"line":11,"column":15},"end":{"line":11,"column":23}},{"start":{"line":11,"column":27},"end":{"line":11,"column":36}}],"line":11},"4":{"loc":{"start":{"line":13,"column":11},"end":{"line":17,"column":5}},"type":"if","locations":[{"start":{"line":13,"column":11},"end":{"line":17,"column":5}},{"start":{"line":15,"column":11},"end":{"line":17,"column":5}}],"line":13}},"s":{"0":3,"1":35,"2":35,"3":35,"4":3,"5":74,"6":74,"7":0,"8":74,"9":0,"10":74,"11":3,"12":71,"13":3},"f":{"0":35,"1":74},"b":{"0":[0,35],"1":[0,74],"2":[0,74],"3":[74,74],"4":[3,71]},"_coverageSchema":"1a1c01bbd47fc00a2c39e90264f33305004495a9","hash":"2261e47326456fb392636fe9057cbb683cda4366"}
}
