TN:
SF:CSSStub.js
FNF:0
FNH:0
DA:1,1
LF:1
LH:1
BRF:0
BRH:0
end_of_record
TN:
SF:config.js
FNF:0
FNH:0
DA:1,1
LF:1
LH:1
BRF:0
BRH:0
end_of_record
TN:
SF:app/components/App.js
FN:9,App
FN:15,(anonymous_1)
FN:17,(anonymous_2)
FN:21,(anonymous_3)
FN:27,(anonymous_4)
FN:27,(anonymous_5)
FNF:6
FNH:4
FNDA:8,App
FNDA:4,(anonymous_1)
FNDA:3,(anonymous_2)
FNDA:1,(anonymous_3)
FNDA:0,(anonymous_4)
FNDA:0,(anonymous_5)
DA:10,8
DA:11,8
DA:12,8
DA:13,8
DA:15,8
DA:16,4
DA:18,3
DA:19,3
DA:22,1
DA:23,1
DA:27,8
DA:30,8
LF:12
LH:12
BRDA:27,0,0,0
BRDA:27,0,1,0
BRDA:33,1,0,8
BRDA:33,1,1,1
BRDA:34,2,0,8
BRDA:34,2,1,7
BRDA:34,2,2,3
BRDA:35,3,0,8
BRDA:35,3,1,7
BRDA:35,3,2,4
BRF:10
BRH:8
end_of_record
TN:
SF:app/components/Details.js
FN:4,Details
FN:7,(anonymous_1)
FN:36,(anonymous_2)
FNF:3
FNH:3
FNDA:9,Details
FNDA:18,(anonymous_1)
FNDA:72,(anonymous_2)
DA:5,9
DA:7,9
DA:8,18
DA:9,18
DA:10,18
DA:11,0
DA:12,18
DA:13,9
DA:14,9
DA:15,0
DA:17,9
DA:21,9
DA:32,9
DA:37,72
LF:14
LH:12
BRDA:10,0,0,0
BRDA:10,0,1,18
BRDA:12,1,0,9
BRDA:12,1,1,9
BRDA:12,2,0,18
BRDA:12,2,1,18
BRDA:14,3,0,0
BRDA:14,3,1,9
BRDA:41,4,0,0
BRDA:41,4,1,72
BRDA:41,5,0,72
BRDA:41,5,1,9
BRF:12
BRH:9
end_of_record
TN:
SF:app/components/Forcast.js
FN:4,Forcast
FN:5,(anonymous_1)
FN:14,(anonymous_2)
FN:16,(anonymous_3)
FN:24,(anonymous_4)
FN:33,(anonymous_5)
FN:38,(anonymous_6)
FNF:7
FNH:7
FNDA:9,Forcast
FNDA:16,(anonymous_1)
FNDA:50,(anonymous_2)
FNDA:194,(anonymous_3)
FNDA:1,(anonymous_4)
FNDA:25,(anonymous_5)
FNDA:1,(anonymous_6)
DA:5,9
DA:6,16
DA:7,16
DA:8,16
DA:9,16
DA:10,16
DA:11,16
DA:14,9
DA:15,50
DA:16,50
DA:17,194
DA:21,50
DA:24,9
DA:25,1
DA:26,1
DA:29,9
DA:34,25
DA:38,1
LF:18
LH:18
BRDA:17,0,0,97
BRDA:17,0,1,97
BRDA:21,1,0,50
BRDA:21,1,1,0
BRDA:37,2,0,9
BRDA:37,2,1,16
BRDA:40,3,0,9
BRDA:40,3,1,16
BRF:8
BRH:7
end_of_record
TN:
SF:app/components/Hourly.js
FN:6,Hourly
FN:8,(anonymous_1)
FN:10,(anonymous_2)
FN:11,(anonymous_3)
FN:11,(anonymous_4)
FN:14,(anonymous_5)
FN:19,(anonymous_6)
FN:20,(anonymous_7)
FN:20,(anonymous_8)
FN:29,(anonymous_9)
FN:34,(anonymous_10)
FN:46,(anonymous_11)
FNF:12
FNH:7
FNDA:12,Hourly
FNDA:90,(anonymous_1)
FNDA:0,(anonymous_2)
FNDA:0,(anonymous_3)
FNDA:0,(anonymous_4)
FNDA:12,(anonymous_5)
FNDA:1,(anonymous_6)
FNDA:0,(anonymous_7)
FNDA:1,(anonymous_8)
FNDA:0,(anonymous_9)
FNDA:79,(anonymous_10)
FNDA:1,(anonymous_11)
DA:8,90
DA:10,12
DA:11,0
DA:14,12
DA:15,12
DA:16,12
DA:19,12
DA:20,1
DA:23,12
DA:29,0
DA:34,79
DA:46,1
LF:12
LH:10
BRDA:8,0,0,9
BRDA:8,0,1,3
BRDA:11,1,0,0
BRDA:11,1,1,0
BRDA:15,2,0,12
BRDA:15,2,1,0
BRDA:20,3,0,0
BRDA:20,3,1,1
BRDA:28,4,0,1
BRDA:28,4,1,11
BRDA:35,5,0,5
BRDA:35,5,1,74
BRDA:35,6,0,79
BRDA:35,6,1,55
BRDA:36,7,0,8
BRDA:36,7,1,71
BRDA:37,8,0,8
BRDA:37,8,1,71
BRDA:38,9,0,46
BRDA:38,9,1,33
BRDA:45,10,0,3
BRDA:45,10,1,9
BRF:22
BRH:18
end_of_record
TN:
SF:app/components/Loading.js
FN:3,Loading
FN:6,(anonymous_1)
FN:7,(anonymous_2)
FN:9,(anonymous_3)
FN:12,(anonymous_4)
FNF:5
FNH:3
FNDA:3,Loading
FNDA:3,(anonymous_1)
FNDA:0,(anonymous_2)
FNDA:0,(anonymous_3)
FNDA:3,(anonymous_4)
DA:4,3
DA:6,3
DA:7,3
DA:9,0
DA:12,3
DA:17,3
LF:6
LH:5
BRDA:3,0,0,3
BRDA:3,1,0,3
BRDA:9,2,0,0
BRDA:9,2,1,0
BRF:4
BRH:2
end_of_record
TN:
SF:app/components/Nav.js
FN:4,Nav
FN:7,(anonymous_1)
FN:15,(anonymous_2)
FNF:3
FNH:3
FNDA:9,Nav
FNDA:1,(anonymous_1)
FNDA:1,(anonymous_2)
DA:5,9
DA:7,9
DA:8,1
DA:9,1
DA:12,9
DA:15,1
LF:6
LH:6
BRDA:20,0,0,0
BRDA:20,0,1,9
BRDA:25,1,0,9
BRDA:25,1,1,0
BRF:4
BRH:2
end_of_record
TN:
SF:app/components/NotFound.js
FN:4,NotFound
FNF:1
FNH:1
FNDA:1,NotFound
DA:5,1
LF:1
LH:1
BRF:0
BRH:0
end_of_record
TN:
SF:app/components/Results.js
FN:7,Results
FNF:1
FNH:1
FNDA:9,Results
DA:8,9
DA:9,9
DA:12,9
LF:3
LH:3
BRF:0
BRH:0
end_of_record
TN:
SF:app/components/Summary.js
FN:5,Summary
FN:8,(anonymous_1)
FN:17,(anonymous_2)
FNF:3
FNH:3
FNDA:11,Summary
FNDA:11,(anonymous_1)
FNDA:11,(anonymous_2)
DA:6,11
DA:8,11
DA:9,11
DA:10,11
DA:11,11
DA:12,11
DA:13,11
DA:14,11
DA:17,11
DA:18,11
DA:19,11
DA:20,11
DA:23,11
LF:13
LH:13
BRDA:27,0,0,11
BRDA:27,0,1,8
BRDA:32,1,0,10
BRDA:32,1,1,1
BRF:4
BRH:4
end_of_record
TN:
SF:app/components/WeatherIcons.js
FN:11,WeatherIcons
FNF:1
FNH:1
FNDA:187,WeatherIcons
DA:12,187
DA:32,187
LF:2
LH:2
BRF:0
BRH:0
end_of_record
TN:
SF:app/exampleData/exampleData.js
FNF:0
FNH:0
DA:1,4
DA:741,4
DA:930,4
LF:3
LH:3
BRF:0
BRH:0
end_of_record
TN:
SF:app/utils/api.js
FN:3,(anonymous_0)
FN:6,(anonymous_1)
FN:15,(anonymous_2)
FN:18,(anonymous_3)
FNF:4
FNH:0
FNDA:0,(anonymous_0)
FNDA:0,(anonymous_1)
FNDA:0,(anonymous_2)
FNDA:0,(anonymous_3)
DA:1,1
DA:3,1
DA:4,0
DA:5,0
DA:7,0
DA:8,0
DA:10,0
DA:11,0
DA:13,0
DA:16,0
DA:19,0
DA:23,1
LF:12
LH:3
BRDA:7,0,0,0
BRDA:7,0,1,0
BRDA:10,1,0,0
BRDA:10,1,1,0
BRDA:10,2,0,0
BRDA:10,2,1,0
BRF:6
BRH:0
end_of_record
TN:
SF:app/utils/helpers.js
FN:1,(anonymous_0)
FN:7,(anonymous_1)
FNF:2
FNH:2
FNDA:35,(anonymous_0)
FNDA:74,(anonymous_1)
DA:1,3
DA:2,35
DA:3,35
DA:4,35
DA:7,3
DA:8,74
DA:9,74
DA:10,0
DA:11,74
DA:12,0
DA:13,74
DA:14,3
DA:16,71
DA:20,3
LF:14
LH:12
BRDA:4,0,0,0
BRDA:4,0,1,35
BRDA:9,1,0,0
BRDA:9,1,1,74
BRDA:11,2,0,0
BRDA:11,2,1,74
BRDA:11,3,0,74
BRDA:11,3,1,74
BRDA:13,4,0,3
BRDA:13,4,1,71
BRF:10
BRH:7
end_of_record
